<?xml version="1.0" encoding="UTF-8"?>
<!-- Generated by org.testng.reporters.JUnitReportReporter -->
<testsuite hostname="TTL-PC" name="javaPackage.Inheritance" tests="2" failures="0" timestamp="20 Feb 2019 05:00:01 GMT" time="0.031" errors="0">
  <testcase name="sub" time="0.015" classname="javaPackage.Inheritance"/>
  <testcase name="add" time="0.016" classname="javaPackage.Inheritance"/>
</testsuite> <!-- javaPackage.Inheritance -->
