<?xml version="1.0" encoding="UTF-8"?>
<!-- Generated by org.testng.reporters.JUnitReportReporter -->
<testsuite hostname="TTL-PC" name="gmail.OpenUrl" tests="1" failures="0" timestamp="14 Feb 2019 08:20:15 GMT" time="204.506" errors="0">
  <testcase name="Test" time="204.506" classname="gmail.OpenUrl"/>
</testsuite> <!-- gmail.OpenUrl -->
