<?xml version="1.0" encoding="UTF-8"?>
<!-- Generated by org.testng.reporters.JUnitReportReporter -->
<testsuite hostname="TTL-PC" name="fbPackage.HomePageTes" tests="1" failures="0" timestamp="19 Feb 2019 08:06:21 GMT" time="0.444" errors="0">
  <testcase name="searchTest" time="0.444" classname="fbPackage.HomePageTes"/>
</testsuite> <!-- fbPackage.HomePageTes -->
