<?xml version="1.0" encoding="UTF-8"?>
<!-- Generated by org.testng.reporters.JUnitReportReporter -->
<testsuite hostname="TTL-PC" name="fbPackage.LoginTest" tests="1" failures="0" timestamp="19 Feb 2019 08:06:21 GMT" time="249.983" errors="0">
  <testcase name="enterLoginPageTest" time="249.983" classname="fbPackage.LoginTest"/>
</testsuite> <!-- fbPackage.LoginTest -->
