<?xml version="1.0" encoding="UTF-8"?>
<!-- Generated by org.testng.reporters.JUnitReportReporter -->
<testsuite hostname="TTL-PC" name="ty" tests="1" failures="0" timestamp="13 Feb 2019 14:49:06 GMT" time="0.015" errors="0">
  <testcase name="enter" time="0.015" classname="ty"/>
</testsuite> <!-- ty -->
